[debug] [2022-05-17T11:09:22.432Z] ----------------------------------------------------------------------
[debug] [2022-05-17T11:09:22.434Z] Command:       C:\Program Files\nodejs\node.exe C:\Users\devsi\AppData\Roaming\npm\node_modules\firebase-tools\lib\bin\firebase.js emulators:start
[debug] [2022-05-17T11:09:22.435Z] CLI Version:   10.7.2
[debug] [2022-05-17T11:09:22.435Z] Platform:      win32
[debug] [2022-05-17T11:09:22.435Z] Node Version:  v16.14.0
[debug] [2022-05-17T11:09:22.436Z] Time:          Tue May 17 2022 16:39:22 GMT+0530 (India Standard Time)
[debug] [2022-05-17T11:09:22.436Z] ----------------------------------------------------------------------
[debug] 
[debug] [2022-05-17T11:09:22.509Z] > command requires scopes: ["email","openid","https://www.googleapis.com/auth/cloudplatformprojects.readonly","https://www.googleapis.com/auth/firebase","https://www.googleapis.com/auth/cloud-platform"]
[debug] [2022-05-17T11:09:22.510Z] > authorizing via signed-in user (namikawahideki@gmail.com)
[info] i  emulators: Starting emulators: functions, hosting {"metadata":{"emulator":{"name":"hub"},"message":"Starting emulators: functions, hosting"}}
[warn] !  emulators: It seems that you are running multiple instances of the emulator suite for project furnisell-5ba89. This may result in unexpected behavior. 
[debug] [2022-05-17T11:09:22.544Z] [hub] writing locator at C:\Users\devsi\AppData\Local\Temp\hub-furnisell-5ba89.json
[warn] !  functions: The following emulators are not running, calls to these services from the Functions emulator will affect production: auth, firestore, database, pubsub, storage {"metadata":{"emulator":{"name":"functions"},"message":"The following emulators are not running, calls to these services from the Functions emulator will affect production: \u001b[1mauth, firestore, database, pubsub, storage\u001b[22m"}}
[info] +  functions: Using node@16 from host. {"metadata":{"emulator":{"name":"functions"},"message":"Using node@16 from host."}}
[debug] [2022-05-17T11:09:22.565Z] defaultcredentials: writing to file C:\Users\devsi\AppData\Roaming\firebase\namikawahideki_gmail_com_application_default_credentials.json
[debug] [2022-05-17T11:09:22.567Z] Setting GAC to C:\Users\devsi\AppData\Roaming\firebase\namikawahideki_gmail_com_application_default_credentials.json {"metadata":{"emulator":{"name":"functions"},"message":"Setting GAC to C:\\Users\\devsi\\AppData\\Roaming\\firebase\\namikawahideki_gmail_com_application_default_credentials.json"}}
[debug] [2022-05-17T11:09:22.569Z] > refreshing access token with scopes: []
[debug] [2022-05-17T11:09:22.570Z] >>> HTTP REQUEST POST https://www.googleapis.com/oauth2/v3/token  
 <request body omitted>
[debug] [2022-05-17T11:09:22.798Z] <<< HTTP RESPONSE 200 {"cache-control":"no-cache, no-store, max-age=0, must-revalidate","date":"Tue, 17 May 2022 11:09:21 GMT","expires":"Mon, 01 Jan 1990 00:00:00 GMT","pragma":"no-cache","content-type":"application/json; charset=utf-8","vary":"X-Origin, Referer, Origin,Accept-Encoding","server":"scaffolding on HTTPServer2","x-xss-protection":"0","x-frame-options":"SAMEORIGIN","x-content-type-options":"nosniff","alt-svc":"h3=\":443\"; ma=2592000,h3-29=\":443\"; ma=2592000,h3-Q050=\":443\"; ma=2592000,h3-Q046=\":443\"; ma=2592000,h3-Q043=\":443\"; ma=2592000,quic=\":443\"; ma=2592000; v=\"46,43\"","accept-ranges":"none","transfer-encoding":"chunked"}
[debug] [2022-05-17T11:09:22.810Z] >>> [apiv2][query] GET https://firebase.googleapis.com/v1beta1/projects/furnisell-5ba89/adminSdkConfig [none]
[debug] [2022-05-17T11:09:23.356Z] <<< [apiv2][status] GET https://firebase.googleapis.com/v1beta1/projects/furnisell-5ba89/adminSdkConfig 200
[debug] [2022-05-17T11:09:23.356Z] <<< [apiv2][body] GET https://firebase.googleapis.com/v1beta1/projects/furnisell-5ba89/adminSdkConfig {"projectId":"furnisell-5ba89","storageBucket":"furnisell-5ba89.appspot.com"}
[debug] [2022-05-17T11:09:23.371Z] >>> [apiv2][query] GET https://firebasehosting.googleapis.com/v1beta1/projects/furnisell-5ba89/sites 
[debug] [2022-05-17T11:09:25.412Z] <<< [apiv2][status] GET https://firebasehosting.googleapis.com/v1beta1/projects/furnisell-5ba89/sites 200
[debug] [2022-05-17T11:09:25.412Z] <<< [apiv2][body] GET https://firebasehosting.googleapis.com/v1beta1/projects/furnisell-5ba89/sites {"sites":[{"name":"projects/furnisell-5ba89/sites/furnisell-5ba89","defaultUrl":"https://furnisell-5ba89.web.app","appId":"1:15005920115:web:a56f2d39c6a2cfb2b7f306","type":"DEFAULT_SITE"}]}
[debug] [2022-05-17T11:09:25.413Z] >>> [apiv2][query] GET https://firebase.googleapis.com/v1beta1/projects/furnisell-5ba89/webApps/1:15005920115:web:a56f2d39c6a2cfb2b7f306/config [none]
[debug] [2022-05-17T11:09:26.754Z] <<< [apiv2][status] GET https://firebase.googleapis.com/v1beta1/projects/furnisell-5ba89/webApps/1:15005920115:web:a56f2d39c6a2cfb2b7f306/config 200
[debug] [2022-05-17T11:09:26.754Z] <<< [apiv2][body] GET https://firebase.googleapis.com/v1beta1/projects/furnisell-5ba89/webApps/1:15005920115:web:a56f2d39c6a2cfb2b7f306/config {"projectId":"furnisell-5ba89","appId":"1:15005920115:web:a56f2d39c6a2cfb2b7f306","storageBucket":"furnisell-5ba89.appspot.com","apiKey":"AIzaSyBAXkVOp18R079RpFvdVgV8YhUXaSsYw3c","authDomain":"furnisell-5ba89.firebaseapp.com","messagingSenderId":"15005920115","measurementId":"G-VLY04ZS9TX"}
[info] i  hosting: Serving hosting files from: build {"metadata":{"emulator":{"name":"hosting"},"message":"Serving hosting files from: \u001b[1mbuild\u001b[22m"}}
[info] +  hosting: Local server: http://localhost:5000 {"metadata":{"emulator":{"name":"hosting"},"message":"Local server: \u001b[4m\u001b[1mhttp://localhost:5000\u001b[22m\u001b[24m"}}
[warn] !  ui: Emulator UI unable to start on port 4000, starting on 4001 instead. {"metadata":{"emulator":{"name":"ui"},"message":"Emulator UI unable to start on port 4000, starting on 4001 instead."}}
[debug] [2022-05-17T11:09:26.816Z] Ignoring unsupported arg: auto_download {"metadata":{"emulator":{"name":"ui"},"message":"Ignoring unsupported arg: auto_download"}}
[debug] [2022-05-17T11:09:26.817Z] Ignoring unsupported arg: port {"metadata":{"emulator":{"name":"ui"},"message":"Ignoring unsupported arg: port"}}
[debug] [2022-05-17T11:09:26.817Z] Starting Emulator UI with command {"binary":"node","args":["C:\\Users\\devsi\\.cache\\firebase\\emulators\\ui-v1.6.6\\server.bundle.js"],"optionalArgs":[],"joinArgs":false} {"metadata":{"emulator":{"name":"ui"},"message":"Starting Emulator UI with command {\"binary\":\"node\",\"args\":[\"C:\\\\Users\\\\devsi\\\\.cache\\\\firebase\\\\emulators\\\\ui-v1.6.6\\\\server.bundle.js\"],\"optionalArgs\":[],\"joinArgs\":false}"}}
[info] i  ui: Emulator UI logging to ui-debug.log {"metadata":{"emulator":{"name":"ui"},"message":"Emulator UI logging to \u001b[1mui-debug.log\u001b[22m"}}
[debug] [2022-05-17T11:09:26.963Z] Web / API server started at localhost:4001
 {"metadata":{"emulator":{"name":"ui"},"message":"Web / API server started at localhost:4001\n"}}
[info] i  functions: Watching "C:\Programming\JsProjects\Amazon Clone into FurniSell\furnisell\functions" for Cloud Functions... {"metadata":{"emulator":{"name":"functions"},"message":"Watching \"C:\\Programming\\JsProjects\\Amazon Clone into FurniSell\\furnisell\\functions\" for Cloud Functions..."}}
[debug] [2022-05-17T11:09:27.095Z] Validating nodejs source
[debug] [2022-05-17T11:09:30.346Z] > [functions] package.json contents: {
  "name": "functions",
  "description": "Cloud Functions for Firebase",
  "scripts": {
    "lint": "eslint .",
    "serve": "firebase emulators:start --only functions",
    "shell": "firebase functions:shell",
    "start": "npm run shell",
    "deploy": "firebase deploy --only functions",
    "logs": "firebase functions:log"
  },
  "engines": {
    "node": "16"
  },
  "main": "index.js",
  "dependencies": {
    "cors": "^2.8.5",
    "express": "^4.18.1",
    "firebase-admin": "^10.0.2",
    "firebase-functions": "^3.18.0",
    "stripe": "^9.1.0"
  },
  "devDependencies": {
    "eslint": "^8.9.0",
    "eslint-config-google": "^0.14.0",
    "firebase-functions-test": "^0.2.0"
  },
  "private": true
}
[debug] [2022-05-17T11:09:30.346Z] Building nodejs source
[debug] [2022-05-17T11:09:30.347Z] Analyzing nodejs backend spec
[info] +  functions[us-central1-api]: http function initialized (http://localhost:5001/furnisell-5ba89/us-central1/api). {"metadata":{"emulator":{"name":"functions"},"message":"\u001b[1mhttp\u001b[22m function initialized (http://localhost:5001/furnisell-5ba89/us-central1/api)."}}
[info] 
┌─────────────────────────────────────────────────────────────┐
│ ✔  All emulators ready! It is now safe to connect your app. │
│ i  View Emulator UI at http://localhost:4001                │
└─────────────────────────────────────────────────────────────┘

┌───────────┬────────────────┬─────────────────────────────────┐
│ Emulator  │ Host:Port      │ View in Emulator UI             │
├───────────┼────────────────┼─────────────────────────────────┤
│ Functions │ localhost:5001 │ http://localhost:4001/functions │
├───────────┼────────────────┼─────────────────────────────────┤
│ Hosting   │ localhost:5000 │ n/a                             │
└───────────┴────────────────┴─────────────────────────────────┘
  Emulator Hub running at localhost:4400
  Other reserved ports: 4500

Issues? Report them at https://github.com/firebase/firebase-tools/issues and attach the *-debug.log files.
 
[debug] [2022-05-17T12:15:19.805Z] Received signal SIGHUP 1
